::1 - - [19/Mar/2021:08:04:46 +0000] "GET /users/?limit=4 HTTP/1.1" 304 - "http://localhost:8080/" "Mozilla/5.0 (Windows NT 10.0; Win64; x64) AppleWebKit/537.36 (KHTML, like Gecko) Chrome/89.0.4389.90 Safari/537.36"
::1 - - [19/Mar/2021:08:04:56 +0000] "GET /users/90 HTTP/1.1" 304 - "http://localhost:8080/" "Mozilla/5.0 (Windows NT 10.0; Win64; x64) AppleWebKit/537.36 (KHTML, like Gecko) Chrome/89.0.4389.90 Safari/537.36"
::1 - - [19/Mar/2021:08:04:56 +0000] "GET /users/90/friends HTTP/1.1" 304 - "http://localhost:8080/" "Mozilla/5.0 (Windows NT 10.0; Win64; x64) AppleWebKit/537.36 (KHTML, like Gecko) Chrome/89.0.4389.90 Safari/537.36"
::1 - - [19/Mar/2021:08:04:56 +0000] "PUT /users/friends HTTP/1.1" 200 176 "http://localhost:8080/" "Mozilla/5.0 (Windows NT 10.0; Win64; x64) AppleWebKit/537.36 (KHTML, like Gecko) Chrome/89.0.4389.90 Safari/537.36"
::1 - - [19/Mar/2021:08:04:56 +0000] "PUT /users/friends HTTP/1.1" 200 176 "http://localhost:8080/" "Mozilla/5.0 (Windows NT 10.0; Win64; x64) AppleWebKit/537.36 (KHTML, like Gecko) Chrome/89.0.4389.90 Safari/537.36"
::1 - - [19/Mar/2021:08:06:55 +0000] "DELETE /users/81/remove HTTP/1.1" 200 2 "http://localhost:8080/" "Mozilla/5.0 (Windows NT 10.0; Win64; x64) AppleWebKit/537.36 (KHTML, like Gecko) Chrome/89.0.4389.90 Safari/537.36"
::1 - - [22/Mar/2021:20:28:38 +0000] "GET /users/?limit=4 HTTP/1.1" 304 - "http://localhost:8080/" "Mozilla/5.0 (Windows NT 10.0; Win64; x64) AppleWebKit/537.36 (KHTML, like Gecko) Chrome/89.0.4389.90 Safari/537.36"
::1 - - [22/Mar/2021:20:28:40 +0000] "GET /users/79 HTTP/1.1" 304 - "http://localhost:8080/" "Mozilla/5.0 (Windows NT 10.0; Win64; x64) AppleWebKit/537.36 (KHTML, like Gecko) Chrome/89.0.4389.90 Safari/537.36"
::1 - - [22/Mar/2021:20:28:40 +0000] "GET /users/79/friends HTTP/1.1" 304 - "http://localhost:8080/" "Mozilla/5.0 (Windows NT 10.0; Win64; x64) AppleWebKit/537.36 (KHTML, like Gecko) Chrome/89.0.4389.90 Safari/537.36"
::1 - - [22/Mar/2021:20:28:40 +0000] "PUT /users/friends HTTP/1.1" 200 176 "http://localhost:8080/" "Mozilla/5.0 (Windows NT 10.0; Win64; x64) AppleWebKit/537.36 (KHTML, like Gecko) Chrome/89.0.4389.90 Safari/537.36"
::1 - - [22/Mar/2021:20:28:40 +0000] "PUT /users/friends HTTP/1.1" 200 2 "http://localhost:8080/" "Mozilla/5.0 (Windows NT 10.0; Win64; x64) AppleWebKit/537.36 (KHTML, like Gecko) Chrome/89.0.4389.90 Safari/537.36"
::1 - - [22/Mar/2021:20:28:40 +0000] "PUT /users/friends HTTP/1.1" 200 2 "http://localhost:8080/" "Mozilla/5.0 (Windows NT 10.0; Win64; x64) AppleWebKit/537.36 (KHTML, like Gecko) Chrome/89.0.4389.90 Safari/537.36"
::1 - - [22/Mar/2021:20:28:40 +0000] "PUT /users/friends HTTP/1.1" 200 2 "http://localhost:8080/" "Mozilla/5.0 (Windows NT 10.0; Win64; x64) AppleWebKit/537.36 (KHTML, like Gecko) Chrome/89.0.4389.90 Safari/537.36"
::1 - - [22/Mar/2021:20:28:40 +0000] "PUT /users/friends HTTP/1.1" 200 125 "http://localhost:8080/" "Mozilla/5.0 (Windows NT 10.0; Win64; x64) AppleWebKit/537.36 (KHTML, like Gecko) Chrome/89.0.4389.90 Safari/537.36"
::1 - - [22/Mar/2021:20:28:40 +0000] "PUT /users/friends HTTP/1.1" 200 136 "http://localhost:8080/" "Mozilla/5.0 (Windows NT 10.0; Win64; x64) AppleWebKit/537.36 (KHTML, like Gecko) Chrome/89.0.4389.90 Safari/537.36"
::1 - - [22/Mar/2021:20:28:40 +0000] "PUT /users/friends HTTP/1.1" 200 136 "http://localhost:8080/" "Mozilla/5.0 (Windows NT 10.0; Win64; x64) AppleWebKit/537.36 (KHTML, like Gecko) Chrome/89.0.4389.90 Safari/537.36"
::1 - - [22/Mar/2021:20:28:40 +0000] "PUT /users/friends HTTP/1.1" 200 140 "http://localhost:8080/" "Mozilla/5.0 (Windows NT 10.0; Win64; x64) AppleWebKit/537.36 (KHTML, like Gecko) Chrome/89.0.4389.90 Safari/537.36"
::1 - - [22/Mar/2021:20:28:40 +0000] "GET /upload/ HTTP/1.1" 404 146 "http://localhost:8080/" "Mozilla/5.0 (Windows NT 10.0; Win64; x64) AppleWebKit/537.36 (KHTML, like Gecko) Chrome/89.0.4389.90 Safari/537.36"
::1 - - [22/Mar/2021:20:43:19 +0000] "GET /users/?limit=4 HTTP/1.1" 304 - "http://localhost:8080/" "Mozilla/5.0 (Windows NT 10.0; Win64; x64) AppleWebKit/537.36 (KHTML, like Gecko) Chrome/89.0.4389.90 Safari/537.36"
::1 - - [22/Mar/2021:20:43:29 +0000] "GET /users/79 HTTP/1.1" 304 - "http://localhost:8080/" "Mozilla/5.0 (Windows NT 10.0; Win64; x64) AppleWebKit/537.36 (KHTML, like Gecko) Chrome/89.0.4389.90 Safari/537.36"
::1 - - [22/Mar/2021:20:43:29 +0000] "GET /users/79/friends HTTP/1.1" 304 - "http://localhost:8080/" "Mozilla/5.0 (Windows NT 10.0; Win64; x64) AppleWebKit/537.36 (KHTML, like Gecko) Chrome/89.0.4389.90 Safari/537.36"
::1 - - [22/Mar/2021:20:43:29 +0000] "PUT /users/friends HTTP/1.1" 200 176 "http://localhost:8080/" "Mozilla/5.0 (Windows NT 10.0; Win64; x64) AppleWebKit/537.36 (KHTML, like Gecko) Chrome/89.0.4389.90 Safari/537.36"
::1 - - [22/Mar/2021:20:43:29 +0000] "PUT /users/friends HTTP/1.1" 200 2 "http://localhost:8080/" "Mozilla/5.0 (Windows NT 10.0; Win64; x64) AppleWebKit/537.36 (KHTML, like Gecko) Chrome/89.0.4389.90 Safari/537.36"
::1 - - [22/Mar/2021:20:43:29 +0000] "PUT /users/friends HTTP/1.1" 200 2 "http://localhost:8080/" "Mozilla/5.0 (Windows NT 10.0; Win64; x64) AppleWebKit/537.36 (KHTML, like Gecko) Chrome/89.0.4389.90 Safari/537.36"
::1 - - [22/Mar/2021:20:43:29 +0000] "PUT /users/friends HTTP/1.1" 200 125 "http://localhost:8080/" "Mozilla/5.0 (Windows NT 10.0; Win64; x64) AppleWebKit/537.36 (KHTML, like Gecko) Chrome/89.0.4389.90 Safari/537.36"
::1 - - [22/Mar/2021:20:43:29 +0000] "PUT /users/friends HTTP/1.1" 200 2 "http://localhost:8080/" "Mozilla/5.0 (Windows NT 10.0; Win64; x64) AppleWebKit/537.36 (KHTML, like Gecko) Chrome/89.0.4389.90 Safari/537.36"
::1 - - [22/Mar/2021:20:43:29 +0000] "PUT /users/friends HTTP/1.1" 200 136 "http://localhost:8080/" "Mozilla/5.0 (Windows NT 10.0; Win64; x64) AppleWebKit/537.36 (KHTML, like Gecko) Chrome/89.0.4389.90 Safari/537.36"
::1 - - [22/Mar/2021:20:43:29 +0000] "PUT /users/friends HTTP/1.1" 200 136 "http://localhost:8080/" "Mozilla/5.0 (Windows NT 10.0; Win64; x64) AppleWebKit/537.36 (KHTML, like Gecko) Chrome/89.0.4389.90 Safari/537.36"
::1 - - [22/Mar/2021:20:43:29 +0000] "PUT /users/friends HTTP/1.1" 200 140 "http://localhost:8080/" "Mozilla/5.0 (Windows NT 10.0; Win64; x64) AppleWebKit/537.36 (KHTML, like Gecko) Chrome/89.0.4389.90 Safari/537.36"
::1 - - [22/Mar/2021:20:43:29 +0000] "GET /upload/ HTTP/1.1" 404 146 "http://localhost:8080/" "Mozilla/5.0 (Windows NT 10.0; Win64; x64) AppleWebKit/537.36 (KHTML, like Gecko) Chrome/89.0.4389.90 Safari/537.36"
::1 - - [22/Mar/2021:20:44:06 +0000] "GET /users/?limit=4 HTTP/1.1" 304 - "http://localhost:8080/" "Mozilla/5.0 (Windows NT 10.0; Win64; x64) AppleWebKit/537.36 (KHTML, like Gecko) Chrome/89.0.4389.90 Safari/537.36"
::1 - - [22/Mar/2021:20:44:30 +0000] "GET /users/79 HTTP/1.1" 304 - "http://localhost:8080/" "Mozilla/5.0 (Windows NT 10.0; Win64; x64) AppleWebKit/537.36 (KHTML, like Gecko) Chrome/89.0.4389.90 Safari/537.36"
::1 - - [22/Mar/2021:20:44:30 +0000] "GET /users/79/friends HTTP/1.1" 304 - "http://localhost:8080/" "Mozilla/5.0 (Windows NT 10.0; Win64; x64) AppleWebKit/537.36 (KHTML, like Gecko) Chrome/89.0.4389.90 Safari/537.36"
::1 - - [22/Mar/2021:20:44:31 +0000] "PUT /users/friends HTTP/1.1" 200 176 "http://localhost:8080/" "Mozilla/5.0 (Windows NT 10.0; Win64; x64) AppleWebKit/537.36 (KHTML, like Gecko) Chrome/89.0.4389.90 Safari/537.36"
::1 - - [22/Mar/2021:20:44:31 +0000] "PUT /users/friends HTTP/1.1" 200 2 "http://localhost:8080/" "Mozilla/5.0 (Windows NT 10.0; Win64; x64) AppleWebKit/537.36 (KHTML, like Gecko) Chrome/89.0.4389.90 Safari/537.36"
::1 - - [22/Mar/2021:20:44:31 +0000] "PUT /users/friends HTTP/1.1" 200 125 "http://localhost:8080/" "Mozilla/5.0 (Windows NT 10.0; Win64; x64) AppleWebKit/537.36 (KHTML, like Gecko) Chrome/89.0.4389.90 Safari/537.36"
::1 - - [22/Mar/2021:20:44:31 +0000] "PUT /users/friends HTTP/1.1" 200 2 "http://localhost:8080/" "Mozilla/5.0 (Windows NT 10.0; Win64; x64) AppleWebKit/537.36 (KHTML, like Gecko) Chrome/89.0.4389.90 Safari/537.36"
::1 - - [22/Mar/2021:20:44:31 +0000] "PUT /users/friends HTTP/1.1" 200 2 "http://localhost:8080/" "Mozilla/5.0 (Windows NT 10.0; Win64; x64) AppleWebKit/537.36 (KHTML, like Gecko) Chrome/89.0.4389.90 Safari/537.36"
::1 - - [22/Mar/2021:20:44:31 +0000] "PUT /users/friends HTTP/1.1" 200 136 "http://localhost:8080/" "Mozilla/5.0 (Windows NT 10.0; Win64; x64) AppleWebKit/537.36 (KHTML, like Gecko) Chrome/89.0.4389.90 Safari/537.36"
::1 - - [22/Mar/2021:20:44:31 +0000] "PUT /users/friends HTTP/1.1" 200 136 "http://localhost:8080/" "Mozilla/5.0 (Windows NT 10.0; Win64; x64) AppleWebKit/537.36 (KHTML, like Gecko) Chrome/89.0.4389.90 Safari/537.36"
::1 - - [22/Mar/2021:20:44:31 +0000] "PUT /users/friends HTTP/1.1" 200 140 "http://localhost:8080/" "Mozilla/5.0 (Windows NT 10.0; Win64; x64) AppleWebKit/537.36 (KHTML, like Gecko) Chrome/89.0.4389.90 Safari/537.36"
::1 - - [22/Mar/2021:20:44:31 +0000] "GET /upload/ HTTP/1.1" 404 146 "http://localhost:8080/" "Mozilla/5.0 (Windows NT 10.0; Win64; x64) AppleWebKit/537.36 (KHTML, like Gecko) Chrome/89.0.4389.90 Safari/537.36"
::1 - - [22/Mar/2021:20:44:34 +0000] "DELETE /users/89/remove HTTP/1.1" 200 2 "http://localhost:8080/" "Mozilla/5.0 (Windows NT 10.0; Win64; x64) AppleWebKit/537.36 (KHTML, like Gecko) Chrome/89.0.4389.90 Safari/537.36"
::1 - - [22/Mar/2021:20:44:39 +0000] "GET /users/79 HTTP/1.1" 304 - "http://localhost:8080/" "Mozilla/5.0 (Windows NT 10.0; Win64; x64) AppleWebKit/537.36 (KHTML, like Gecko) Chrome/89.0.4389.90 Safari/537.36"
::1 - - [22/Mar/2021:20:44:40 +0000] "GET /users/79/friends HTTP/1.1" 200 197 "http://localhost:8080/" "Mozilla/5.0 (Windows NT 10.0; Win64; x64) AppleWebKit/537.36 (KHTML, like Gecko) Chrome/89.0.4389.90 Safari/537.36"
::1 - - [22/Mar/2021:20:44:40 +0000] "PUT /users/friends HTTP/1.1" 200 176 "http://localhost:8080/" "Mozilla/5.0 (Windows NT 10.0; Win64; x64) AppleWebKit/537.36 (KHTML, like Gecko) Chrome/89.0.4389.90 Safari/537.36"
::1 - - [22/Mar/2021:20:44:40 +0000] "PUT /users/friends HTTP/1.1" 200 2 "http://localhost:8080/" "Mozilla/5.0 (Windows NT 10.0; Win64; x64) AppleWebKit/537.36 (KHTML, like Gecko) Chrome/89.0.4389.90 Safari/537.36"
::1 - - [22/Mar/2021:20:44:40 +0000] "PUT /users/friends HTTP/1.1" 200 2 "http://localhost:8080/" "Mozilla/5.0 (Windows NT 10.0; Win64; x64) AppleWebKit/537.36 (KHTML, like Gecko) Chrome/89.0.4389.90 Safari/537.36"
::1 - - [22/Mar/2021:20:44:40 +0000] "PUT /users/friends HTTP/1.1" 200 2 "http://localhost:8080/" "Mozilla/5.0 (Windows NT 10.0; Win64; x64) AppleWebKit/537.36 (KHTML, like Gecko) Chrome/89.0.4389.90 Safari/537.36"
::1 - - [22/Mar/2021:20:44:40 +0000] "PUT /users/friends HTTP/1.1" 200 136 "http://localhost:8080/" "Mozilla/5.0 (Windows NT 10.0; Win64; x64) AppleWebKit/537.36 (KHTML, like Gecko) Chrome/89.0.4389.90 Safari/537.36"
::1 - - [22/Mar/2021:20:44:40 +0000] "PUT /users/friends HTTP/1.1" 200 136 "http://localhost:8080/" "Mozilla/5.0 (Windows NT 10.0; Win64; x64) AppleWebKit/537.36 (KHTML, like Gecko) Chrome/89.0.4389.90 Safari/537.36"
::1 - - [22/Mar/2021:20:44:40 +0000] "PUT /users/friends HTTP/1.1" 200 140 "http://localhost:8080/" "Mozilla/5.0 (Windows NT 10.0; Win64; x64) AppleWebKit/537.36 (KHTML, like Gecko) Chrome/89.0.4389.90 Safari/537.36"
::1 - - [22/Mar/2021:20:44:40 +0000] "GET /upload/ HTTP/1.1" 404 146 "http://localhost:8080/" "Mozilla/5.0 (Windows NT 10.0; Win64; x64) AppleWebKit/537.36 (KHTML, like Gecko) Chrome/89.0.4389.90 Safari/537.36"
::1 - - [22/Mar/2021:20:44:43 +0000] "DELETE /users/92/remove HTTP/1.1" 200 2 "http://localhost:8080/" "Mozilla/5.0 (Windows NT 10.0; Win64; x64) AppleWebKit/537.36 (KHTML, like Gecko) Chrome/89.0.4389.90 Safari/537.36"
::1 - - [22/Mar/2021:20:44:47 +0000] "GET /users/79 HTTP/1.1" 304 - "http://localhost:8080/" "Mozilla/5.0 (Windows NT 10.0; Win64; x64) AppleWebKit/537.36 (KHTML, like Gecko) Chrome/89.0.4389.90 Safari/537.36"
::1 - - [22/Mar/2021:20:44:47 +0000] "GET /users/79/friends HTTP/1.1" 200 169 "http://localhost:8080/" "Mozilla/5.0 (Windows NT 10.0; Win64; x64) AppleWebKit/537.36 (KHTML, like Gecko) Chrome/89.0.4389.90 Safari/537.36"
::1 - - [22/Mar/2021:20:44:48 +0000] "PUT /users/friends HTTP/1.1" 200 176 "http://localhost:8080/" "Mozilla/5.0 (Windows NT 10.0; Win64; x64) AppleWebKit/537.36 (KHTML, like Gecko) Chrome/89.0.4389.90 Safari/537.36"
::1 - - [22/Mar/2021:20:44:48 +0000] "PUT /users/friends HTTP/1.1" 200 2 "http://localhost:8080/" "Mozilla/5.0 (Windows NT 10.0; Win64; x64) AppleWebKit/537.36 (KHTML, like Gecko) Chrome/89.0.4389.90 Safari/537.36"
::1 - - [22/Mar/2021:20:44:48 +0000] "PUT /users/friends HTTP/1.1" 200 2 "http://localhost:8080/" "Mozilla/5.0 (Windows NT 10.0; Win64; x64) AppleWebKit/537.36 (KHTML, like Gecko) Chrome/89.0.4389.90 Safari/537.36"
::1 - - [22/Mar/2021:20:44:48 +0000] "PUT /users/friends HTTP/1.1" 200 2 "http://localhost:8080/" "Mozilla/5.0 (Windows NT 10.0; Win64; x64) AppleWebKit/537.36 (KHTML, like Gecko) Chrome/89.0.4389.90 Safari/537.36"
::1 - - [22/Mar/2021:20:44:48 +0000] "PUT /users/friends HTTP/1.1" 200 136 "http://localhost:8080/" "Mozilla/5.0 (Windows NT 10.0; Win64; x64) AppleWebKit/537.36 (KHTML, like Gecko) Chrome/89.0.4389.90 Safari/537.36"
::1 - - [22/Mar/2021:20:44:48 +0000] "PUT /users/friends HTTP/1.1" 200 140 "http://localhost:8080/" "Mozilla/5.0 (Windows NT 10.0; Win64; x64) AppleWebKit/537.36 (KHTML, like Gecko) Chrome/89.0.4389.90 Safari/537.36"
::1 - - [22/Mar/2021:20:44:48 +0000] "GET /upload/ HTTP/1.1" 404 146 "http://localhost:8080/" "Mozilla/5.0 (Windows NT 10.0; Win64; x64) AppleWebKit/537.36 (KHTML, like Gecko) Chrome/89.0.4389.90 Safari/537.36"
::1 - - [22/Mar/2021:21:12:31 +0000] "GET /users/?limit=4 HTTP/1.1" 304 - "http://localhost:8080/" "Mozilla/5.0 (Windows NT 10.0; Win64; x64) AppleWebKit/537.36 (KHTML, like Gecko) Chrome/89.0.4389.90 Safari/537.36"
::1 - - [22/Mar/2021:21:12:32 +0000] "GET /users/79 HTTP/1.1" 304 - "http://localhost:8080/" "Mozilla/5.0 (Windows NT 10.0; Win64; x64) AppleWebKit/537.36 (KHTML, like Gecko) Chrome/89.0.4389.90 Safari/537.36"
::1 - - [22/Mar/2021:21:12:32 +0000] "GET /users/79/friends HTTP/1.1" 304 - "http://localhost:8080/" "Mozilla/5.0 (Windows NT 10.0; Win64; x64) AppleWebKit/537.36 (KHTML, like Gecko) Chrome/89.0.4389.90 Safari/537.36"
::1 - - [22/Mar/2021:21:12:33 +0000] "PUT /users/friends HTTP/1.1" 200 176 "http://localhost:8080/" "Mozilla/5.0 (Windows NT 10.0; Win64; x64) AppleWebKit/537.36 (KHTML, like Gecko) Chrome/89.0.4389.90 Safari/537.36"
::1 - - [22/Mar/2021:21:12:33 +0000] "PUT /users/friends HTTP/1.1" 200 2 "http://localhost:8080/" "Mozilla/5.0 (Windows NT 10.0; Win64; x64) AppleWebKit/537.36 (KHTML, like Gecko) Chrome/89.0.4389.90 Safari/537.36"
::1 - - [22/Mar/2021:21:12:33 +0000] "PUT /users/friends HTTP/1.1" 200 2 "http://localhost:8080/" "Mozilla/5.0 (Windows NT 10.0; Win64; x64) AppleWebKit/537.36 (KHTML, like Gecko) Chrome/89.0.4389.90 Safari/537.36"
::1 - - [22/Mar/2021:21:12:33 +0000] "PUT /users/friends HTTP/1.1" 200 2 "http://localhost:8080/" "Mozilla/5.0 (Windows NT 10.0; Win64; x64) AppleWebKit/537.36 (KHTML, like Gecko) Chrome/89.0.4389.90 Safari/537.36"
::1 - - [22/Mar/2021:21:12:33 +0000] "PUT /users/friends HTTP/1.1" 200 136 "http://localhost:8080/" "Mozilla/5.0 (Windows NT 10.0; Win64; x64) AppleWebKit/537.36 (KHTML, like Gecko) Chrome/89.0.4389.90 Safari/537.36"
::1 - - [22/Mar/2021:21:12:33 +0000] "PUT /users/friends HTTP/1.1" 200 140 "http://localhost:8080/" "Mozilla/5.0 (Windows NT 10.0; Win64; x64) AppleWebKit/537.36 (KHTML, like Gecko) Chrome/89.0.4389.90 Safari/537.36"
::1 - - [22/Mar/2021:21:12:33 +0000] "GET /upload/ HTTP/1.1" 404 146 "http://localhost:8080/" "Mozilla/5.0 (Windows NT 10.0; Win64; x64) AppleWebKit/537.36 (KHTML, like Gecko) Chrome/89.0.4389.90 Safari/537.36"
::1 - - [22/Mar/2021:21:15:43 +0000] "GET /users/79 HTTP/1.1" 304 - "http://localhost:8080/" "Mozilla/5.0 (Windows NT 10.0; Win64; x64) AppleWebKit/537.36 (KHTML, like Gecko) Chrome/89.0.4389.90 Safari/537.36"
::1 - - [22/Mar/2021:21:15:43 +0000] "GET /users/79/friends HTTP/1.1" 304 - "http://localhost:8080/" "Mozilla/5.0 (Windows NT 10.0; Win64; x64) AppleWebKit/537.36 (KHTML, like Gecko) Chrome/89.0.4389.90 Safari/537.36"
::1 - - [22/Mar/2021:21:15:43 +0000] "PUT /users/friends HTTP/1.1" 200 176 "http://localhost:8080/" "Mozilla/5.0 (Windows NT 10.0; Win64; x64) AppleWebKit/537.36 (KHTML, like Gecko) Chrome/89.0.4389.90 Safari/537.36"
::1 - - [22/Mar/2021:21:15:43 +0000] "PUT /users/friends HTTP/1.1" 200 2 "http://localhost:8080/" "Mozilla/5.0 (Windows NT 10.0; Win64; x64) AppleWebKit/537.36 (KHTML, like Gecko) Chrome/89.0.4389.90 Safari/537.36"
::1 - - [22/Mar/2021:21:15:43 +0000] "PUT /users/friends HTTP/1.1" 200 2 "http://localhost:8080/" "Mozilla/5.0 (Windows NT 10.0; Win64; x64) AppleWebKit/537.36 (KHTML, like Gecko) Chrome/89.0.4389.90 Safari/537.36"
::1 - - [22/Mar/2021:21:15:43 +0000] "PUT /users/friends HTTP/1.1" 200 2 "http://localhost:8080/" "Mozilla/5.0 (Windows NT 10.0; Win64; x64) AppleWebKit/537.36 (KHTML, like Gecko) Chrome/89.0.4389.90 Safari/537.36"
::1 - - [22/Mar/2021:21:15:43 +0000] "PUT /users/friends HTTP/1.1" 200 136 "http://localhost:8080/" "Mozilla/5.0 (Windows NT 10.0; Win64; x64) AppleWebKit/537.36 (KHTML, like Gecko) Chrome/89.0.4389.90 Safari/537.36"
::1 - - [22/Mar/2021:21:15:43 +0000] "PUT /users/friends HTTP/1.1" 200 140 "http://localhost:8080/" "Mozilla/5.0 (Windows NT 10.0; Win64; x64) AppleWebKit/537.36 (KHTML, like Gecko) Chrome/89.0.4389.90 Safari/537.36"
::1 - - [22/Mar/2021:21:15:43 +0000] "GET /upload/ HTTP/1.1" 404 146 "http://localhost:8080/" "Mozilla/5.0 (Windows NT 10.0; Win64; x64) AppleWebKit/537.36 (KHTML, like Gecko) Chrome/89.0.4389.90 Safari/537.36"
::1 - - [22/Mar/2021:21:15:44 +0000] "GET /users/?limit=4 HTTP/1.1" 304 - "http://localhost:8080/" "Mozilla/5.0 (Windows NT 10.0; Win64; x64) AppleWebKit/537.36 (KHTML, like Gecko) Chrome/89.0.4389.90 Safari/537.36"
::1 - - [23/Mar/2021:11:16:19 +0000] "POST /users/login HTTP/1.1" 401 15 "http://localhost:8080/" "Mozilla/5.0 (Linux; Android 6.0; Nexus 5 Build/MRA58N) AppleWebKit/537.36 (KHTML, like Gecko) Chrome/89.0.4389.90 Mobile Safari/537.36"
::1 - - [23/Mar/2021:11:19:19 +0000] "POST /users/login HTTP/1.1" 401 15 "http://localhost:8080/" "Mozilla/5.0 (Linux; Android 6.0; Nexus 5 Build/MRA58N) AppleWebKit/537.36 (KHTML, like Gecko) Chrome/89.0.4389.90 Mobile Safari/537.36"
::1 - - [23/Mar/2021:11:20:18 +0000] "POST /users/login HTTP/1.1" 401 15 "http://localhost:8080/" "Mozilla/5.0 (Linux; Android 6.0; Nexus 5 Build/MRA58N) AppleWebKit/537.36 (KHTML, like Gecko) Chrome/89.0.4389.90 Mobile Safari/537.36"
::1 - - [23/Mar/2021:11:20:19 +0000] "POST /users/login HTTP/1.1" 401 15 "http://localhost:8080/" "Mozilla/5.0 (Linux; Android 6.0; Nexus 5 Build/MRA58N) AppleWebKit/537.36 (KHTML, like Gecko) Chrome/89.0.4389.90 Mobile Safari/537.36"
::1 - - [23/Mar/2021:11:21:48 +0000] "POST /users/login HTTP/1.1" 401 15 "http://localhost:8080/" "Mozilla/5.0 (Linux; Android 6.0; Nexus 5 Build/MRA58N) AppleWebKit/537.36 (KHTML, like Gecko) Chrome/89.0.4389.90 Mobile Safari/537.36"
::1 - - [23/Mar/2021:11:21:51 +0000] "POST /users/login HTTP/1.1" 401 15 "http://localhost:8080/" "Mozilla/5.0 (Linux; Android 6.0; Nexus 5 Build/MRA58N) AppleWebKit/537.36 (KHTML, like Gecko) Chrome/89.0.4389.90 Mobile Safari/537.36"
::1 - - [23/Mar/2021:11:23:59 +0000] "POST /users/login HTTP/1.1" 401 15 "http://localhost:8080/" "Mozilla/5.0 (Linux; Android 6.0; Nexus 5 Build/MRA58N) AppleWebKit/537.36 (KHTML, like Gecko) Chrome/89.0.4389.90 Mobile Safari/537.36"
::1 - - [23/Mar/2021:11:24:54 +0000] "POST /users/login HTTP/1.1" 401 15 "http://localhost:8080/" "Mozilla/5.0 (Linux; Android 6.0; Nexus 5 Build/MRA58N) AppleWebKit/537.36 (KHTML, like Gecko) Chrome/89.0.4389.90 Mobile Safari/537.36"
::1 - - [23/Mar/2021:11:25:08 +0000] "POST /users/login HTTP/1.1" 401 15 "http://localhost:8080/" "Mozilla/5.0 (Linux; Android 6.0; Nexus 5 Build/MRA58N) AppleWebKit/537.36 (KHTML, like Gecko) Chrome/89.0.4389.90 Mobile Safari/537.36"
::1 - - [23/Mar/2021:11:28:15 +0000] "POST /users/login HTTP/1.1" 200 343 "http://localhost:8080/" "Mozilla/5.0 (Linux; Android 6.0; Nexus 5 Build/MRA58N) AppleWebKit/537.36 (KHTML, like Gecko) Chrome/89.0.4389.90 Mobile Safari/537.36"
::1 - - [23/Mar/2021:11:28:15 +0000] "GET /users/79 HTTP/1.1" 304 - "http://localhost:8080/" "Mozilla/5.0 (Linux; Android 6.0; Nexus 5 Build/MRA58N) AppleWebKit/537.36 (KHTML, like Gecko) Chrome/89.0.4389.90 Mobile Safari/537.36"
::1 - - [23/Mar/2021:11:28:15 +0000] "GET /users/79/friends HTTP/1.1" 304 - "http://localhost:8080/" "Mozilla/5.0 (Linux; Android 6.0; Nexus 5 Build/MRA58N) AppleWebKit/537.36 (KHTML, like Gecko) Chrome/89.0.4389.90 Mobile Safari/537.36"
::1 - - [23/Mar/2021:11:28:15 +0000] "PUT /users/friends HTTP/1.1" 200 176 "http://localhost:8080/" "Mozilla/5.0 (Linux; Android 6.0; Nexus 5 Build/MRA58N) AppleWebKit/537.36 (KHTML, like Gecko) Chrome/89.0.4389.90 Mobile Safari/537.36"
::1 - - [23/Mar/2021:11:28:15 +0000] "PUT /users/friends HTTP/1.1" 200 176 "http://localhost:8080/" "Mozilla/5.0 (Linux; Android 6.0; Nexus 5 Build/MRA58N) AppleWebKit/537.36 (KHTML, like Gecko) Chrome/89.0.4389.90 Mobile Safari/537.36"
::1 - - [23/Mar/2021:11:28:15 +0000] "PUT /users/friends HTTP/1.1" 200 2 "http://localhost:8080/" "Mozilla/5.0 (Linux; Android 6.0; Nexus 5 Build/MRA58N) AppleWebKit/537.36 (KHTML, like Gecko) Chrome/89.0.4389.90 Mobile Safari/537.36"
::1 - - [23/Mar/2021:11:28:15 +0000] "PUT /users/friends HTTP/1.1" 200 2 "http://localhost:8080/" "Mozilla/5.0 (Linux; Android 6.0; Nexus 5 Build/MRA58N) AppleWebKit/537.36 (KHTML, like Gecko) Chrome/89.0.4389.90 Mobile Safari/537.36"
::1 - - [23/Mar/2021:11:28:15 +0000] "PUT /users/friends HTTP/1.1" 200 2 "http://localhost:8080/" "Mozilla/5.0 (Linux; Android 6.0; Nexus 5 Build/MRA58N) AppleWebKit/537.36 (KHTML, like Gecko) Chrome/89.0.4389.90 Mobile Safari/537.36"
::1 - - [23/Mar/2021:11:28:20 +0000] "GET /users/?limit=4 HTTP/1.1" 200 511 "http://localhost:8080/" "Mozilla/5.0 (Windows NT 10.0; Win64; x64) AppleWebKit/537.36 (KHTML, like Gecko) Chrome/89.0.4389.90 Safari/537.36"
::1 - - [23/Mar/2021:11:28:21 +0000] "GET /users/79 HTTP/1.1" 304 - "http://localhost:8080/" "Mozilla/5.0 (Windows NT 10.0; Win64; x64) AppleWebKit/537.36 (KHTML, like Gecko) Chrome/89.0.4389.90 Safari/537.36"
::1 - - [23/Mar/2021:11:28:21 +0000] "GET /users/79/friends HTTP/1.1" 304 - "http://localhost:8080/" "Mozilla/5.0 (Windows NT 10.0; Win64; x64) AppleWebKit/537.36 (KHTML, like Gecko) Chrome/89.0.4389.90 Safari/537.36"
::1 - - [23/Mar/2021:11:28:21 +0000] "PUT /users/friends HTTP/1.1" 200 176 "http://localhost:8080/" "Mozilla/5.0 (Windows NT 10.0; Win64; x64) AppleWebKit/537.36 (KHTML, like Gecko) Chrome/89.0.4389.90 Safari/537.36"
::1 - - [23/Mar/2021:11:28:21 +0000] "PUT /users/friends HTTP/1.1" 200 176 "http://localhost:8080/" "Mozilla/5.0 (Windows NT 10.0; Win64; x64) AppleWebKit/537.36 (KHTML, like Gecko) Chrome/89.0.4389.90 Safari/537.36"
::1 - - [23/Mar/2021:11:28:21 +0000] "PUT /users/friends HTTP/1.1" 200 2 "http://localhost:8080/" "Mozilla/5.0 (Windows NT 10.0; Win64; x64) AppleWebKit/537.36 (KHTML, like Gecko) Chrome/89.0.4389.90 Safari/537.36"
::1 - - [23/Mar/2021:11:28:21 +0000] "PUT /users/friends HTTP/1.1" 200 2 "http://localhost:8080/" "Mozilla/5.0 (Windows NT 10.0; Win64; x64) AppleWebKit/537.36 (KHTML, like Gecko) Chrome/89.0.4389.90 Safari/537.36"
::1 - - [23/Mar/2021:11:28:21 +0000] "PUT /users/friends HTTP/1.1" 200 2 "http://localhost:8080/" "Mozilla/5.0 (Windows NT 10.0; Win64; x64) AppleWebKit/537.36 (KHTML, like Gecko) Chrome/89.0.4389.90 Safari/537.36"
::1 - - [23/Mar/2021:11:28:42 +0000] "GET /users/79 HTTP/1.1" 304 - "http://localhost:8080/" "Mozilla/5.0 (Windows NT 10.0; Win64; x64) AppleWebKit/537.36 (KHTML, like Gecko) Chrome/89.0.4389.90 Safari/537.36"
::1 - - [23/Mar/2021:11:28:43 +0000] "GET /users/79/friends HTTP/1.1" 304 - "http://localhost:8080/" "Mozilla/5.0 (Windows NT 10.0; Win64; x64) AppleWebKit/537.36 (KHTML, like Gecko) Chrome/89.0.4389.90 Safari/537.36"
::1 - - [23/Mar/2021:11:28:43 +0000] "PUT /users/friends HTTP/1.1" 200 176 "http://localhost:8080/" "Mozilla/5.0 (Windows NT 10.0; Win64; x64) AppleWebKit/537.36 (KHTML, like Gecko) Chrome/89.0.4389.90 Safari/537.36"
::1 - - [23/Mar/2021:11:28:43 +0000] "PUT /users/friends HTTP/1.1" 200 176 "http://localhost:8080/" "Mozilla/5.0 (Windows NT 10.0; Win64; x64) AppleWebKit/537.36 (KHTML, like Gecko) Chrome/89.0.4389.90 Safari/537.36"
::1 - - [23/Mar/2021:11:28:43 +0000] "PUT /users/friends HTTP/1.1" 200 2 "http://localhost:8080/" "Mozilla/5.0 (Windows NT 10.0; Win64; x64) AppleWebKit/537.36 (KHTML, like Gecko) Chrome/89.0.4389.90 Safari/537.36"
::1 - - [23/Mar/2021:11:28:43 +0000] "PUT /users/friends HTTP/1.1" 200 2 "http://localhost:8080/" "Mozilla/5.0 (Windows NT 10.0; Win64; x64) AppleWebKit/537.36 (KHTML, like Gecko) Chrome/89.0.4389.90 Safari/537.36"
::1 - - [23/Mar/2021:11:28:43 +0000] "PUT /users/friends HTTP/1.1" 200 2 "http://localhost:8080/" "Mozilla/5.0 (Windows NT 10.0; Win64; x64) AppleWebKit/537.36 (KHTML, like Gecko) Chrome/89.0.4389.90 Safari/537.36"
::1 - - [23/Mar/2021:11:29:00 +0000] "POST /users/login HTTP/1.1" 200 343 "http://localhost:8080/" "Mozilla/5.0 (Linux; Android 6.0; Nexus 5 Build/MRA58N) AppleWebKit/537.36 (KHTML, like Gecko) Chrome/89.0.4389.90 Mobile Safari/537.36"
::1 - - [23/Mar/2021:11:29:00 +0000] "GET /users/79 HTTP/1.1" 304 - "http://localhost:8080/" "Mozilla/5.0 (Linux; Android 6.0; Nexus 5 Build/MRA58N) AppleWebKit/537.36 (KHTML, like Gecko) Chrome/89.0.4389.90 Mobile Safari/537.36"
::1 - - [23/Mar/2021:11:29:00 +0000] "GET /users/79/friends HTTP/1.1" 304 - "http://localhost:8080/" "Mozilla/5.0 (Linux; Android 6.0; Nexus 5 Build/MRA58N) AppleWebKit/537.36 (KHTML, like Gecko) Chrome/89.0.4389.90 Mobile Safari/537.36"
::1 - - [23/Mar/2021:11:29:01 +0000] "PUT /users/friends HTTP/1.1" 200 176 "http://localhost:8080/" "Mozilla/5.0 (Linux; Android 6.0; Nexus 5 Build/MRA58N) AppleWebKit/537.36 (KHTML, like Gecko) Chrome/89.0.4389.90 Mobile Safari/537.36"
::1 - - [23/Mar/2021:11:29:01 +0000] "PUT /users/friends HTTP/1.1" 200 176 "http://localhost:8080/" "Mozilla/5.0 (Linux; Android 6.0; Nexus 5 Build/MRA58N) AppleWebKit/537.36 (KHTML, like Gecko) Chrome/89.0.4389.90 Mobile Safari/537.36"
::1 - - [23/Mar/2021:11:29:01 +0000] "PUT /users/friends HTTP/1.1" 200 2 "http://localhost:8080/" "Mozilla/5.0 (Linux; Android 6.0; Nexus 5 Build/MRA58N) AppleWebKit/537.36 (KHTML, like Gecko) Chrome/89.0.4389.90 Mobile Safari/537.36"
::1 - - [23/Mar/2021:11:29:01 +0000] "PUT /users/friends HTTP/1.1" 200 2 "http://localhost:8080/" "Mozilla/5.0 (Linux; Android 6.0; Nexus 5 Build/MRA58N) AppleWebKit/537.36 (KHTML, like Gecko) Chrome/89.0.4389.90 Mobile Safari/537.36"
::1 - - [23/Mar/2021:11:29:01 +0000] "PUT /users/friends HTTP/1.1" 200 2 "http://localhost:8080/" "Mozilla/5.0 (Linux; Android 6.0; Nexus 5 Build/MRA58N) AppleWebKit/537.36 (KHTML, like Gecko) Chrome/89.0.4389.90 Mobile Safari/537.36"
::1 - - [23/Mar/2021:11:41:41 +0000] "GET /users/79 HTTP/1.1" 304 - "http://localhost:8080/" "Mozilla/5.0 (Linux; Android 6.0; Nexus 5 Build/MRA58N) AppleWebKit/537.36 (KHTML, like Gecko) Chrome/89.0.4389.90 Mobile Safari/537.36"
::1 - - [23/Mar/2021:11:41:42 +0000] "GET /users/79/friends HTTP/1.1" 304 - "http://localhost:8080/" "Mozilla/5.0 (Linux; Android 6.0; Nexus 5 Build/MRA58N) AppleWebKit/537.36 (KHTML, like Gecko) Chrome/89.0.4389.90 Mobile Safari/537.36"
::1 - - [23/Mar/2021:11:41:42 +0000] "PUT /users/friends HTTP/1.1" 200 176 "http://localhost:8080/" "Mozilla/5.0 (Linux; Android 6.0; Nexus 5 Build/MRA58N) AppleWebKit/537.36 (KHTML, like Gecko) Chrome/89.0.4389.90 Mobile Safari/537.36"
::1 - - [23/Mar/2021:11:41:42 +0000] "PUT /users/friends HTTP/1.1" 200 176 "http://localhost:8080/" "Mozilla/5.0 (Linux; Android 6.0; Nexus 5 Build/MRA58N) AppleWebKit/537.36 (KHTML, like Gecko) Chrome/89.0.4389.90 Mobile Safari/537.36"
::1 - - [23/Mar/2021:11:41:42 +0000] "PUT /users/friends HTTP/1.1" 200 2 "http://localhost:8080/" "Mozilla/5.0 (Linux; Android 6.0; Nexus 5 Build/MRA58N) AppleWebKit/537.36 (KHTML, like Gecko) Chrome/89.0.4389.90 Mobile Safari/537.36"
::1 - - [23/Mar/2021:11:41:42 +0000] "PUT /users/friends HTTP/1.1" 200 2 "http://localhost:8080/" "Mozilla/5.0 (Linux; Android 6.0; Nexus 5 Build/MRA58N) AppleWebKit/537.36 (KHTML, like Gecko) Chrome/89.0.4389.90 Mobile Safari/537.36"
::1 - - [23/Mar/2021:11:41:42 +0000] "PUT /users/friends HTTP/1.1" 200 2 "http://localhost:8080/" "Mozilla/5.0 (Linux; Android 6.0; Nexus 5 Build/MRA58N) AppleWebKit/537.36 (KHTML, like Gecko) Chrome/89.0.4389.90 Mobile Safari/537.36"
::1 - - [23/Mar/2021:11:41:49 +0000] "POST /users/login HTTP/1.1" 200 343 "http://localhost:8080/" "Mozilla/5.0 (Linux; Android 6.0; Nexus 5 Build/MRA58N) AppleWebKit/537.36 (KHTML, like Gecko) Chrome/89.0.4389.90 Mobile Safari/537.36"
::1 - - [23/Mar/2021:11:41:49 +0000] "GET /users/79 HTTP/1.1" 304 - "http://localhost:8080/" "Mozilla/5.0 (Linux; Android 6.0; Nexus 5 Build/MRA58N) AppleWebKit/537.36 (KHTML, like Gecko) Chrome/89.0.4389.90 Mobile Safari/537.36"
::1 - - [23/Mar/2021:11:41:49 +0000] "GET /users/79/friends HTTP/1.1" 304 - "http://localhost:8080/" "Mozilla/5.0 (Linux; Android 6.0; Nexus 5 Build/MRA58N) AppleWebKit/537.36 (KHTML, like Gecko) Chrome/89.0.4389.90 Mobile Safari/537.36"
::1 - - [23/Mar/2021:11:41:49 +0000] "PUT /users/friends HTTP/1.1" 200 176 "http://localhost:8080/" "Mozilla/5.0 (Linux; Android 6.0; Nexus 5 Build/MRA58N) AppleWebKit/537.36 (KHTML, like Gecko) Chrome/89.0.4389.90 Mobile Safari/537.36"
::1 - - [23/Mar/2021:11:41:49 +0000] "PUT /users/friends HTTP/1.1" 200 176 "http://localhost:8080/" "Mozilla/5.0 (Linux; Android 6.0; Nexus 5 Build/MRA58N) AppleWebKit/537.36 (KHTML, like Gecko) Chrome/89.0.4389.90 Mobile Safari/537.36"
::1 - - [23/Mar/2021:11:41:49 +0000] "PUT /users/friends HTTP/1.1" 200 2 "http://localhost:8080/" "Mozilla/5.0 (Linux; Android 6.0; Nexus 5 Build/MRA58N) AppleWebKit/537.36 (KHTML, like Gecko) Chrome/89.0.4389.90 Mobile Safari/537.36"
::1 - - [23/Mar/2021:11:41:49 +0000] "PUT /users/friends HTTP/1.1" 200 2 "http://localhost:8080/" "Mozilla/5.0 (Linux; Android 6.0; Nexus 5 Build/MRA58N) AppleWebKit/537.36 (KHTML, like Gecko) Chrome/89.0.4389.90 Mobile Safari/537.36"
::1 - - [23/Mar/2021:11:41:49 +0000] "PUT /users/friends HTTP/1.1" 200 2 "http://localhost:8080/" "Mozilla/5.0 (Linux; Android 6.0; Nexus 5 Build/MRA58N) AppleWebKit/537.36 (KHTML, like Gecko) Chrome/89.0.4389.90 Mobile Safari/537.36"
::1 - - [23/Mar/2021:11:43:21 +0000] "GET /users/?limit=4 HTTP/1.1" 304 - "http://localhost:8080/" "Mozilla/5.0 (Linux; Android 6.0; Nexus 5 Build/MRA58N) AppleWebKit/537.36 (KHTML, like Gecko) Chrome/89.0.4389.90 Mobile Safari/537.36"
::1 - - [23/Mar/2021:11:43:22 +0000] "GET /users/79 HTTP/1.1" 304 - "http://localhost:8080/" "Mozilla/5.0 (Linux; Android 6.0; Nexus 5 Build/MRA58N) AppleWebKit/537.36 (KHTML, like Gecko) Chrome/89.0.4389.90 Mobile Safari/537.36"
::1 - - [23/Mar/2021:11:43:22 +0000] "GET /users/79/friends HTTP/1.1" 304 - "http://localhost:8080/" "Mozilla/5.0 (Linux; Android 6.0; Nexus 5 Build/MRA58N) AppleWebKit/537.36 (KHTML, like Gecko) Chrome/89.0.4389.90 Mobile Safari/537.36"
::1 - - [23/Mar/2021:11:43:22 +0000] "PUT /users/friends HTTP/1.1" 200 176 "http://localhost:8080/" "Mozilla/5.0 (Linux; Android 6.0; Nexus 5 Build/MRA58N) AppleWebKit/537.36 (KHTML, like Gecko) Chrome/89.0.4389.90 Mobile Safari/537.36"
::1 - - [23/Mar/2021:11:43:22 +0000] "PUT /users/friends HTTP/1.1" 200 176 "http://localhost:8080/" "Mozilla/5.0 (Linux; Android 6.0; Nexus 5 Build/MRA58N) AppleWebKit/537.36 (KHTML, like Gecko) Chrome/89.0.4389.90 Mobile Safari/537.36"
::1 - - [23/Mar/2021:11:43:22 +0000] "PUT /users/friends HTTP/1.1" 200 2 "http://localhost:8080/" "Mozilla/5.0 (Linux; Android 6.0; Nexus 5 Build/MRA58N) AppleWebKit/537.36 (KHTML, like Gecko) Chrome/89.0.4389.90 Mobile Safari/537.36"
::1 - - [23/Mar/2021:11:43:22 +0000] "PUT /users/friends HTTP/1.1" 200 2 "http://localhost:8080/" "Mozilla/5.0 (Linux; Android 6.0; Nexus 5 Build/MRA58N) AppleWebKit/537.36 (KHTML, like Gecko) Chrome/89.0.4389.90 Mobile Safari/537.36"
::1 - - [23/Mar/2021:11:43:22 +0000] "PUT /users/friends HTTP/1.1" 200 2 "http://localhost:8080/" "Mozilla/5.0 (Linux; Android 6.0; Nexus 5 Build/MRA58N) AppleWebKit/537.36 (KHTML, like Gecko) Chrome/89.0.4389.90 Mobile Safari/537.36"
::1 - - [23/Mar/2021:11:43:28 +0000] "POST /users/login HTTP/1.1" 200 343 "http://localhost:8080/" "Mozilla/5.0 (Linux; Android 6.0; Nexus 5 Build/MRA58N) AppleWebKit/537.36 (KHTML, like Gecko) Chrome/89.0.4389.90 Mobile Safari/537.36"
::1 - - [23/Mar/2021:11:43:29 +0000] "GET /users/79 HTTP/1.1" 304 - "http://localhost:8080/" "Mozilla/5.0 (Linux; Android 6.0; Nexus 5 Build/MRA58N) AppleWebKit/537.36 (KHTML, like Gecko) Chrome/89.0.4389.90 Mobile Safari/537.36"
::1 - - [23/Mar/2021:11:43:29 +0000] "GET /users/79/friends HTTP/1.1" 304 - "http://localhost:8080/" "Mozilla/5.0 (Linux; Android 6.0; Nexus 5 Build/MRA58N) AppleWebKit/537.36 (KHTML, like Gecko) Chrome/89.0.4389.90 Mobile Safari/537.36"
::1 - - [23/Mar/2021:11:43:29 +0000] "PUT /users/friends HTTP/1.1" 200 176 "http://localhost:8080/" "Mozilla/5.0 (Linux; Android 6.0; Nexus 5 Build/MRA58N) AppleWebKit/537.36 (KHTML, like Gecko) Chrome/89.0.4389.90 Mobile Safari/537.36"
::1 - - [23/Mar/2021:11:43:29 +0000] "PUT /users/friends HTTP/1.1" 200 2 "http://localhost:8080/" "Mozilla/5.0 (Linux; Android 6.0; Nexus 5 Build/MRA58N) AppleWebKit/537.36 (KHTML, like Gecko) Chrome/89.0.4389.90 Mobile Safari/537.36"
::1 - - [23/Mar/2021:11:43:29 +0000] "PUT /users/friends HTTP/1.1" 200 176 "http://localhost:8080/" "Mozilla/5.0 (Linux; Android 6.0; Nexus 5 Build/MRA58N) AppleWebKit/537.36 (KHTML, like Gecko) Chrome/89.0.4389.90 Mobile Safari/537.36"
::1 - - [23/Mar/2021:11:43:29 +0000] "PUT /users/friends HTTP/1.1" 200 2 "http://localhost:8080/" "Mozilla/5.0 (Linux; Android 6.0; Nexus 5 Build/MRA58N) AppleWebKit/537.36 (KHTML, like Gecko) Chrome/89.0.4389.90 Mobile Safari/537.36"
::1 - - [23/Mar/2021:11:43:29 +0000] "PUT /users/friends HTTP/1.1" 200 2 "http://localhost:8080/" "Mozilla/5.0 (Linux; Android 6.0; Nexus 5 Build/MRA58N) AppleWebKit/537.36 (KHTML, like Gecko) Chrome/89.0.4389.90 Mobile Safari/537.36"
::1 - - [23/Mar/2021:11:43:33 +0000] "DELETE /users/78/remove HTTP/1.1" 200 2 "http://localhost:8080/" "Mozilla/5.0 (Linux; Android 6.0; Nexus 5 Build/MRA58N) AppleWebKit/537.36 (KHTML, like Gecko) Chrome/89.0.4389.90 Mobile Safari/537.36"
::1 - - [23/Mar/2021:11:43:36 +0000] "GET /users/79 HTTP/1.1" 304 - "http://localhost:8080/" "Mozilla/5.0 (Linux; Android 6.0; Nexus 5 Build/MRA58N) AppleWebKit/537.36 (KHTML, like Gecko) Chrome/89.0.4389.90 Mobile Safari/537.36"
::1 - - [23/Mar/2021:11:43:36 +0000] "GET /users/79/friends HTTP/1.1" 200 113 "http://localhost:8080/" "Mozilla/5.0 (Linux; Android 6.0; Nexus 5 Build/MRA58N) AppleWebKit/537.36 (KHTML, like Gecko) Chrome/89.0.4389.90 Mobile Safari/537.36"
::1 - - [23/Mar/2021:11:43:37 +0000] "PUT /users/friends HTTP/1.1" 200 176 "http://localhost:8080/" "Mozilla/5.0 (Linux; Android 6.0; Nexus 5 Build/MRA58N) AppleWebKit/537.36 (KHTML, like Gecko) Chrome/89.0.4389.90 Mobile Safari/537.36"
::1 - - [23/Mar/2021:11:43:37 +0000] "PUT /users/friends HTTP/1.1" 200 2 "http://localhost:8080/" "Mozilla/5.0 (Linux; Android 6.0; Nexus 5 Build/MRA58N) AppleWebKit/537.36 (KHTML, like Gecko) Chrome/89.0.4389.90 Mobile Safari/537.36"
::1 - - [23/Mar/2021:11:43:37 +0000] "PUT /users/friends HTTP/1.1" 200 2 "http://localhost:8080/" "Mozilla/5.0 (Linux; Android 6.0; Nexus 5 Build/MRA58N) AppleWebKit/537.36 (KHTML, like Gecko) Chrome/89.0.4389.90 Mobile Safari/537.36"
::1 - - [23/Mar/2021:11:43:37 +0000] "PUT /users/friends HTTP/1.1" 200 2 "http://localhost:8080/" "Mozilla/5.0 (Linux; Android 6.0; Nexus 5 Build/MRA58N) AppleWebKit/537.36 (KHTML, like Gecko) Chrome/89.0.4389.90 Mobile Safari/537.36"
::1 - - [23/Mar/2021:11:43:38 +0000] "GET /users/?limit=4 HTTP/1.1" 304 - "http://localhost:8080/" "Mozilla/5.0 (Linux; Android 6.0; Nexus 5 Build/MRA58N) AppleWebKit/537.36 (KHTML, like Gecko) Chrome/89.0.4389.90 Mobile Safari/537.36"
::1 - - [23/Mar/2021:11:43:39 +0000] "POST /users/79/friend HTTP/1.1" 200 29 "http://localhost:8080/" "Mozilla/5.0 (Linux; Android 6.0; Nexus 5 Build/MRA58N) AppleWebKit/537.36 (KHTML, like Gecko) Chrome/89.0.4389.90 Mobile Safari/537.36"
::1 - - [23/Mar/2021:11:43:41 +0000] "GET /users/79 HTTP/1.1" 304 - "http://localhost:8080/" "Mozilla/5.0 (Linux; Android 6.0; Nexus 5 Build/MRA58N) AppleWebKit/537.36 (KHTML, like Gecko) Chrome/89.0.4389.90 Mobile Safari/537.36"
::1 - - [23/Mar/2021:11:43:41 +0000] "GET /users/79/friends HTTP/1.1" 200 141 "http://localhost:8080/" "Mozilla/5.0 (Linux; Android 6.0; Nexus 5 Build/MRA58N) AppleWebKit/537.36 (KHTML, like Gecko) Chrome/89.0.4389.90 Mobile Safari/537.36"
::1 - - [23/Mar/2021:11:43:41 +0000] "PUT /users/friends HTTP/1.1" 200 176 "http://localhost:8080/" "Mozilla/5.0 (Linux; Android 6.0; Nexus 5 Build/MRA58N) AppleWebKit/537.36 (KHTML, like Gecko) Chrome/89.0.4389.90 Mobile Safari/537.36"
::1 - - [23/Mar/2021:11:43:41 +0000] "PUT /users/friends HTTP/1.1" 200 176 "http://localhost:8080/" "Mozilla/5.0 (Linux; Android 6.0; Nexus 5 Build/MRA58N) AppleWebKit/537.36 (KHTML, like Gecko) Chrome/89.0.4389.90 Mobile Safari/537.36"
::1 - - [23/Mar/2021:11:43:41 +0000] "PUT /users/friends HTTP/1.1" 200 2 "http://localhost:8080/" "Mozilla/5.0 (Linux; Android 6.0; Nexus 5 Build/MRA58N) AppleWebKit/537.36 (KHTML, like Gecko) Chrome/89.0.4389.90 Mobile Safari/537.36"
::1 - - [23/Mar/2021:11:43:41 +0000] "PUT /users/friends HTTP/1.1" 200 2 "http://localhost:8080/" "Mozilla/5.0 (Linux; Android 6.0; Nexus 5 Build/MRA58N) AppleWebKit/537.36 (KHTML, like Gecko) Chrome/89.0.4389.90 Mobile Safari/537.36"
::1 - - [23/Mar/2021:11:43:41 +0000] "PUT /users/friends HTTP/1.1" 200 2 "http://localhost:8080/" "Mozilla/5.0 (Linux; Android 6.0; Nexus 5 Build/MRA58N) AppleWebKit/537.36 (KHTML, like Gecko) Chrome/89.0.4389.90 Mobile Safari/537.36"
::1 - - [23/Mar/2021:11:51:16 +0000] "GET /users/79 HTTP/1.1" 304 - "http://localhost:8080/" "Mozilla/5.0 (Linux; Android 6.0; Nexus 5 Build/MRA58N) AppleWebKit/537.36 (KHTML, like Gecko) Chrome/89.0.4389.90 Mobile Safari/537.36"
::1 - - [23/Mar/2021:11:51:16 +0000] "GET /users/79/friends HTTP/1.1" 304 - "http://localhost:8080/" "Mozilla/5.0 (Linux; Android 6.0; Nexus 5 Build/MRA58N) AppleWebKit/537.36 (KHTML, like Gecko) Chrome/89.0.4389.90 Mobile Safari/537.36"
::1 - - [23/Mar/2021:11:51:16 +0000] "PUT /users/friends HTTP/1.1" 200 176 "http://localhost:8080/" "Mozilla/5.0 (Linux; Android 6.0; Nexus 5 Build/MRA58N) AppleWebKit/537.36 (KHTML, like Gecko) Chrome/89.0.4389.90 Mobile Safari/537.36"
::1 - - [23/Mar/2021:11:51:16 +0000] "PUT /users/friends HTTP/1.1" 200 176 "http://localhost:8080/" "Mozilla/5.0 (Linux; Android 6.0; Nexus 5 Build/MRA58N) AppleWebKit/537.36 (KHTML, like Gecko) Chrome/89.0.4389.90 Mobile Safari/537.36"
::1 - - [23/Mar/2021:11:51:16 +0000] "PUT /users/friends HTTP/1.1" 200 2 "http://localhost:8080/" "Mozilla/5.0 (Linux; Android 6.0; Nexus 5 Build/MRA58N) AppleWebKit/537.36 (KHTML, like Gecko) Chrome/89.0.4389.90 Mobile Safari/537.36"
::1 - - [23/Mar/2021:11:51:16 +0000] "PUT /users/friends HTTP/1.1" 200 2 "http://localhost:8080/" "Mozilla/5.0 (Linux; Android 6.0; Nexus 5 Build/MRA58N) AppleWebKit/537.36 (KHTML, like Gecko) Chrome/89.0.4389.90 Mobile Safari/537.36"
::1 - - [23/Mar/2021:11:51:16 +0000] "PUT /users/friends HTTP/1.1" 200 2 "http://localhost:8080/" "Mozilla/5.0 (Linux; Android 6.0; Nexus 5 Build/MRA58N) AppleWebKit/537.36 (KHTML, like Gecko) Chrome/89.0.4389.90 Mobile Safari/537.36"
::1 - - [23/Mar/2021:11:51:18 +0000] "GET /users/?limit=4 HTTP/1.1" 304 - "http://localhost:8080/" "Mozilla/5.0 (Linux; Android 6.0; Nexus 5 Build/MRA58N) AppleWebKit/537.36 (KHTML, like Gecko) Chrome/89.0.4389.90 Mobile Safari/537.36"
::1 - - [23/Mar/2021:11:51:38 +0000] "POST /users/register HTTP/1.1" 400 2 "http://localhost:8080/" "Mozilla/5.0 (Linux; Android 6.0; Nexus 5 Build/MRA58N) AppleWebKit/537.36 (KHTML, like Gecko) Chrome/89.0.4389.90 Mobile Safari/537.36"
::1 - - [23/Mar/2021:11:52:16 +0000] "POST /users/register HTTP/1.1" 400 2 "http://localhost:8080/" "Mozilla/5.0 (Linux; Android 6.0; Nexus 5 Build/MRA58N) AppleWebKit/537.36 (KHTML, like Gecko) Chrome/89.0.4389.90 Mobile Safari/537.36"
::1 - - [23/Mar/2021:11:52:43 +0000] "POST /users/register HTTP/1.1" 400 2 "http://localhost:8080/" "Mozilla/5.0 (Linux; Android 6.0; Nexus 5 Build/MRA58N) AppleWebKit/537.36 (KHTML, like Gecko) Chrome/89.0.4389.90 Mobile Safari/537.36"
::1 - - [23/Mar/2021:11:53:47 +0000] "POST /users/register HTTP/1.1" 400 239 "http://localhost:8080/" "Mozilla/5.0 (Linux; Android 6.0; Nexus 5 Build/MRA58N) AppleWebKit/537.36 (KHTML, like Gecko) Chrome/89.0.4389.90 Mobile Safari/537.36"
::1 - - [23/Mar/2021:11:54:10 +0000] "POST /users/register HTTP/1.1" 200 127 "http://localhost:8080/" "Mozilla/5.0 (Linux; Android 6.0; Nexus 5 Build/MRA58N) AppleWebKit/537.36 (KHTML, like Gecko) Chrome/89.0.4389.90 Mobile Safari/537.36"
::1 - - [23/Mar/2021:11:55:41 +0000] "POST /users/login HTTP/1.1" 200 343 "http://localhost:8080/" "Mozilla/5.0 (Linux; Android 6.0; Nexus 5 Build/MRA58N) AppleWebKit/537.36 (KHTML, like Gecko) Chrome/89.0.4389.90 Mobile Safari/537.36"
::1 - - [23/Mar/2021:11:55:41 +0000] "GET /users/79 HTTP/1.1" 304 - "http://localhost:8080/" "Mozilla/5.0 (Linux; Android 6.0; Nexus 5 Build/MRA58N) AppleWebKit/537.36 (KHTML, like Gecko) Chrome/89.0.4389.90 Mobile Safari/537.36"
::1 - - [23/Mar/2021:11:55:42 +0000] "GET /users/79/friends HTTP/1.1" 304 - "http://localhost:8080/" "Mozilla/5.0 (Linux; Android 6.0; Nexus 5 Build/MRA58N) AppleWebKit/537.36 (KHTML, like Gecko) Chrome/89.0.4389.90 Mobile Safari/537.36"
::1 - - [23/Mar/2021:11:55:42 +0000] "PUT /users/friends HTTP/1.1" 200 176 "http://localhost:8080/" "Mozilla/5.0 (Linux; Android 6.0; Nexus 5 Build/MRA58N) AppleWebKit/537.36 (KHTML, like Gecko) Chrome/89.0.4389.90 Mobile Safari/537.36"
::1 - - [23/Mar/2021:11:55:42 +0000] "PUT /users/friends HTTP/1.1" 200 176 "http://localhost:8080/" "Mozilla/5.0 (Linux; Android 6.0; Nexus 5 Build/MRA58N) AppleWebKit/537.36 (KHTML, like Gecko) Chrome/89.0.4389.90 Mobile Safari/537.36"
::1 - - [23/Mar/2021:11:55:42 +0000] "PUT /users/friends HTTP/1.1" 200 2 "http://localhost:8080/" "Mozilla/5.0 (Linux; Android 6.0; Nexus 5 Build/MRA58N) AppleWebKit/537.36 (KHTML, like Gecko) Chrome/89.0.4389.90 Mobile Safari/537.36"
::1 - - [23/Mar/2021:11:55:42 +0000] "PUT /users/friends HTTP/1.1" 200 2 "http://localhost:8080/" "Mozilla/5.0 (Linux; Android 6.0; Nexus 5 Build/MRA58N) AppleWebKit/537.36 (KHTML, like Gecko) Chrome/89.0.4389.90 Mobile Safari/537.36"
::1 - - [23/Mar/2021:11:55:42 +0000] "PUT /users/friends HTTP/1.1" 200 2 "http://localhost:8080/" "Mozilla/5.0 (Linux; Android 6.0; Nexus 5 Build/MRA58N) AppleWebKit/537.36 (KHTML, like Gecko) Chrome/89.0.4389.90 Mobile Safari/537.36"
::1 - - [23/Mar/2021:11:55:59 +0000] "POST /users/login HTTP/1.1" 200 343 "http://localhost:8080/" "Mozilla/5.0 (Linux; Android 6.0; Nexus 5 Build/MRA58N) AppleWebKit/537.36 (KHTML, like Gecko) Chrome/89.0.4389.90 Mobile Safari/537.36"
::1 - - [23/Mar/2021:11:55:59 +0000] "GET /users/79 HTTP/1.1" 304 - "http://localhost:8080/" "Mozilla/5.0 (Linux; Android 6.0; Nexus 5 Build/MRA58N) AppleWebKit/537.36 (KHTML, like Gecko) Chrome/89.0.4389.90 Mobile Safari/537.36"
::1 - - [23/Mar/2021:11:55:59 +0000] "GET /users/79/friends HTTP/1.1" 304 - "http://localhost:8080/" "Mozilla/5.0 (Linux; Android 6.0; Nexus 5 Build/MRA58N) AppleWebKit/537.36 (KHTML, like Gecko) Chrome/89.0.4389.90 Mobile Safari/537.36"
::1 - - [23/Mar/2021:11:55:59 +0000] "PUT /users/friends HTTP/1.1" 200 176 "http://localhost:8080/" "Mozilla/5.0 (Linux; Android 6.0; Nexus 5 Build/MRA58N) AppleWebKit/537.36 (KHTML, like Gecko) Chrome/89.0.4389.90 Mobile Safari/537.36"
::1 - - [23/Mar/2021:11:55:59 +0000] "PUT /users/friends HTTP/1.1" 200 176 "http://localhost:8080/" "Mozilla/5.0 (Linux; Android 6.0; Nexus 5 Build/MRA58N) AppleWebKit/537.36 (KHTML, like Gecko) Chrome/89.0.4389.90 Mobile Safari/537.36"
::1 - - [23/Mar/2021:11:55:59 +0000] "PUT /users/friends HTTP/1.1" 200 2 "http://localhost:8080/" "Mozilla/5.0 (Linux; Android 6.0; Nexus 5 Build/MRA58N) AppleWebKit/537.36 (KHTML, like Gecko) Chrome/89.0.4389.90 Mobile Safari/537.36"
::1 - - [23/Mar/2021:11:55:59 +0000] "PUT /users/friends HTTP/1.1" 200 2 "http://localhost:8080/" "Mozilla/5.0 (Linux; Android 6.0; Nexus 5 Build/MRA58N) AppleWebKit/537.36 (KHTML, like Gecko) Chrome/89.0.4389.90 Mobile Safari/537.36"
::1 - - [23/Mar/2021:11:55:59 +0000] "PUT /users/friends HTTP/1.1" 200 2 "http://localhost:8080/" "Mozilla/5.0 (Linux; Android 6.0; Nexus 5 Build/MRA58N) AppleWebKit/537.36 (KHTML, like Gecko) Chrome/89.0.4389.90 Mobile Safari/537.36"
::1 - - [23/Mar/2021:11:56:26 +0000] "POST /users/register HTTP/1.1" 200 133 "http://localhost:8080/" "Mozilla/5.0 (Linux; Android 6.0; Nexus 5 Build/MRA58N) AppleWebKit/537.36 (KHTML, like Gecko) Chrome/89.0.4389.90 Mobile Safari/537.36"
